# JRE version: OpenJDK Runtime Environment (8.0_112-b06) (build 1.8.0_112-release-b06)
# Java VM: OpenJDK 64-Bit Server VM (25.112-b06 mixed mode windows-amd64 compressed oops)
Heap:
 PSYoungGen      total 204800K, used 78478K [0x00000000eab00000, 0x00000000fa680000, 0x0000000100000000)
  eden space 184320K, 36% used [0x00000000eab00000,0x00000000eed6ccb8,0x00000000f5f00000)
  from space 20480K, 51% used [0x00000000f5f00000,0x00000000f6936bb0,0x00000000f7300000)
  to   space 19968K, 0% used [0x00000000f9300000,0x00000000f9300000,0x00000000fa680000)
 ParOldGen       total 110592K, used 59824K [0x00000000c0000000, 0x00000000c6c00000, 0x00000000eab00000)
  object space 110592K, 54% used [0x00000000c0000000,0x00000000c3a6c310,0x00000000c6c00000)
 Metaspace       used 71137K, capacity 74392K, committed 74624K, reserved 1114112K
  class space    used 9180K, capacity 9798K, committed 9856K, reserved 1048576K
GC Heap History (10 events):
Event: 68.978 GC heap before
{Heap before GC invocations=24 (full 3):
 PSYoungGen      total 154624K, used 152652K [0x00000000eab00000, 0x00000000f5100000, 0x0000000100000000)
  eden space 141312K, 100% used [0x00000000eab00000,0x00000000f3500000,0x00000000f3500000)
  from space 13312K, 85% used [0x00000000f4400000,0x00000000f4f13120,0x00000000f5100000)
  to   space 14336K, 0% used [0x00000000f3500000,0x00000000f3500000,0x00000000f4300000)
 ParOldGen       total 110592K, used 42351K [0x00000000c0000000, 0x00000000c6c00000, 0x00000000eab00000)
  object space 110592K, 38% used [0x00000000c0000000,0x00000000c295bf58,0x00000000c6c00000)
 Metaspace       used 61958K, capacity 64458K, committed 64512K, reserved 1105920K
  class space    used 8177K, capacity 8689K, committed 8704K, reserved 1048576K
Event: 69.006 GC heap after
Heap after GC invocations=24 (full 3):
 PSYoungGen      total 155648K, used 14314K [0x00000000eab00000, 0x00000000f7980000, 0x0000000100000000)
  eden space 141312K, 0% used [0x00000000eab00000,0x00000000eab00000,0x00000000f3500000)
  from space 14336K, 99% used [0x00000000f3500000,0x00000000f42fab28,0x00000000f4300000)
  to   space 21504K, 0% used [0x00000000f6480000,0x00000000f6480000,0x00000000f7980000)
 ParOldGen       total 110592K, used 56277K [0x00000000c0000000, 0x00000000c6c00000, 0x00000000eab00000)
  object space 110592K, 50% used [0x00000000c0000000,0x00000000c36f5430,0x00000000c6c00000)
 Metaspace       used 61958K, capacity 64458K, committed 64512K, reserved 1105920K
  class space    used 8177K, capacity 8689K, committed 8704K, reserved 1048576K
}
Event: 357.866 GC heap before
{Heap before GC invocations=25 (full 3):
 PSYoungGen      total 155648K, used 155626K [0x00000000eab00000, 0x00000000f7980000, 0x0000000100000000)
  eden space 141312K, 100% used [0x00000000eab00000,0x00000000f3500000,0x00000000f3500000)
  from space 14336K, 99% used [0x00000000f3500000,0x00000000f42fab28,0x00000000f4300000)
  to   space 21504K, 0% used [0x00000000f6480000,0x00000000f6480000,0x00000000f7980000)
 ParOldGen       total 110592K, used 56277K [0x00000000c0000000, 0x00000000c6c00000, 0x00000000eab00000)
  object space 110592K, 50% used [0x00000000c0000000,0x00000000c36f5430,0x00000000c6c00000)
 Metaspace       used 62900K, capacity 65548K, committed 65664K, reserved 1105920K
  class space    used 8246K, capacity 8781K, committed 8832K, reserved 1048576K
Event: 357.887 GC heap after
Heap after GC invocations=25 (full 3):
 PSYoungGen      total 180736K, used 4735K [0x00000000eab00000, 0x00000000f7480000, 0x0000000100000000)
  eden space 164352K, 0% used [0x00000000eab00000,0x00000000eab00000,0x00000000f4b80000)
  from space 16384K, 28% used [0x00000000f6480000,0x00000000f691fdb0,0x00000000f7480000)
  to   space 20992K, 0% used [0x00000000f4b80000,0x00000000f4b80000,0x00000000f6000000)
 ParOldGen       total 110592K, used 59800K [0x00000000c0000000, 0x00000000c6c00000, 0x00000000eab00000)
  object space 110592K, 54% used [0x00000000c0000000,0x00000000c3a66310,0x00000000c6c00000)
 Metaspace       used 62900K, capacity 65548K, committed 65664K, reserved 1105920K
  class space    used 8246K, capacity 8781K, committed 8832K, reserved 1048576K
}
Event: 430.872 GC heap before
{Heap before GC invocations=26 (full 3):
 PSYoungGen      total 180736K, used 169087K [0x00000000eab00000, 0x00000000f7480000, 0x0000000100000000)
  eden space 164352K, 100% used [0x00000000eab00000,0x00000000f4b80000,0x00000000f4b80000)
  from space 16384K, 28% used [0x00000000f6480000,0x00000000f691fdb0,0x00000000f7480000)
  to   space 20992K, 0% used [0x00000000f4b80000,0x00000000f4b80000,0x00000000f6000000)
 ParOldGen       total 110592K, used 59800K [0x00000000c0000000, 0x00000000c6c00000, 0x00000000eab00000)
  object space 110592K, 54% used [0x00000000c0000000,0x00000000c3a66310,0x00000000c6c00000)
 Metaspace       used 63423K, capacity 66246K, committed 66432K, reserved 1107968K
  class space    used 8278K, capacity 8816K, committed 8832K, reserved 1048576K
Event: 430.880 GC heap after
Heap after GC invocations=26 (full 3):
 PSYoungGen      total 185344K, used 3728K [0x00000000eab00000, 0x00000000f8980000, 0x0000000100000000)
  eden space 164352K, 0% used [0x00000000eab00000,0x00000000eab00000,0x00000000f4b80000)
  from space 20992K, 17% used [0x00000000f4b80000,0x00000000f4f24010,0x00000000f6000000)
  to   space 20480K, 0% used [0x00000000f7580000,0x00000000f7580000,0x00000000f8980000)
 ParOldGen       total 110592K, used 59808K [0x00000000c0000000, 0x00000000c6c00000, 0x00000000eab00000)
  object space 110592K, 54% used [0x00000000c0000000,0x00000000c3a68310,0x00000000c6c00000)
 Metaspace       used 63423K, capacity 66246K, committed 66432K, reserved 1107968K
  class space    used 8278K, capacity 8816K, committed 8832K, reserved 1048576K
}
Event: 436.913 GC heap before
{Heap before GC invocations=27 (full 3):
 PSYoungGen      total 185344K, used 168080K [0x00000000eab00000, 0x00000000f8980000, 0x0000000100000000)
  eden space 164352K, 100% used [0x00000000eab00000,0x00000000f4b80000,0x00000000f4b80000)
  from space 20992K, 17% used [0x00000000f4b80000,0x00000000f4f24010,0x00000000f6000000)
  to   space 20480K, 0% used [0x00000000f7580000,0x00000000f7580000,0x00000000f8980000)
 ParOldGen       total 110592K, used 59808K [0x00000000c0000000, 0x00000000c6c00000, 0x00000000eab00000)
  object space 110592K, 54% used [0x00000000c0000000,0x00000000c3a68310,0x00000000c6c00000)
 Metaspace       used 70148K, capacity 73166K, committed 73472K, reserved 1114112K
  class space    used 9054K, capacity 9611K, committed 9728K, reserved 1048576K
Event: 436.928 GC heap after
Heap after GC invocations=27 (full 3):
 PSYoungGen      total 202240K, used 11356K [0x00000000eab00000, 0x00000000f8700000, 0x0000000100000000)
  eden space 184320K, 0% used [0x00000000eab00000,0x00000000eab00000,0x00000000f5f00000)
  from space 17920K, 63% used [0x00000000f7580000,0x00000000f8097068,0x00000000f8700000)
  to   space 20480K, 0% used [0x00000000f5f00000,0x00000000f5f00000,0x00000000f7300000)
 ParOldGen       total 110592K, used 59816K [0x00000000c0000000, 0x00000000c6c00000, 0x00000000eab00000)
  object space 110592K, 54% used [0x00000000c0000000,0x00000000c3a6a310,0x00000000c6c00000)
 Metaspace       used 70148K, capacity 73166K, committed 73472K, reserved 1114112K
  class space    used 9054K, capacity 9611K, committed 9728K, reserved 1048576K
}
Event: 437.106 GC heap before
{Heap before GC invocations=28 (full 3):
 PSYoungGen      total 202240K, used 195676K [0x00000000eab00000, 0x00000000f8700000, 0x0000000100000000)
  eden space 184320K, 100% used [0x00000000eab00000,0x00000000f5f00000,0x00000000f5f00000)
  from space 17920K, 63% used [0x00000000f7580000,0x00000000f8097068,0x00000000f8700000)
  to   space 20480K, 0% used [0x00000000f5f00000,0x00000000f5f00000,0x00000000f7300000)
 ParOldGen       total 110592K, used 59816K [0x00000000c0000000, 0x00000000c6c00000, 0x00000000eab00000)
  object space 110592K, 54% used [0x00000000c0000000,0x00000000c3a6a310,0x00000000c6c00000)
 Metaspace       used 70434K, capacity 73616K, committed 73728K, reserved 1114112K
  class space    used 9103K, capacity 9706K, committed 9728K, reserved 1048576K
Event: 437.117 GC heap after
Heap after GC invocations=28 (full 3):
 PSYoungGen      total 204800K, used 10458K [0x00000000eab00000, 0x00000000fa680000, 0x0000000100000000)
  eden space 184320K, 0% used [0x00000000eab00000,0x00000000eab00000,0x00000000f5f00000)
  from space 20480K, 51% used [0x00000000f5f00000,0x00000000f6936bb0,0x00000000f7300000)
  to   space 19968K, 0% used [0x00000000f9300000,0x00000000f9300000,0x00000000fa680000)
 ParOldGen       total 110592K, used 59824K [0x00000000c0000000, 0x00000000c6c00000, 0x00000000eab00000)
  object space 110592K, 54% used [0x00000000c0000000,0x00000000c3a6c310,0x00000000c6c00000)
 Metaspace       used 70434K, capacity 73616K, committed 73728K, reserved 1114112K
  class space    used 9103K, capacity 9706K, committed 9728K, reserved 1048576K
}

