# JRE version: OpenJDK Runtime Environment (8.0_112-b06) (build 1.8.0_112-release-b06)
# Java VM: OpenJDK 64-Bit Server VM (25.112-b06 mixed mode windows-amd64 compressed oops)
Heap:
 PSYoungGen      total 227840K, used 175157K [0x00000000eab00000, 0x00000000fbd80000, 0x0000000100000000)
  eden space 211456K, 75% used [0x00000000eab00000,0x00000000f4688ea0,0x00000000f7980000)
  from space 16384K, 96% used [0x00000000f9780000,0x00000000fa704920,0x00000000fa780000)
  to   space 22528K, 0% used [0x00000000fa780000,0x00000000fa780000,0x00000000fbd80000)
 ParOldGen       total 138752K, used 67539K [0x00000000c0000000, 0x00000000c8780000, 0x00000000eab00000)
  object space 138752K, 48% used [0x00000000c0000000,0x00000000c41f4eb0,0x00000000c8780000)
 Metaspace       used 78942K, capacity 84034K, committed 84096K, reserved 1122304K
  class space    used 10304K, capacity 11136K, committed 11136K, reserved 1048576K
GC Heap History (10 events):
Event: 221.472 GC heap before
{Heap before GC invocations=20 (full 3):
 PSYoungGen      total 260608K, used 259805K [0x00000000eab00000, 0x00000000fc480000, 0x0000000100000000)
  eden space 242688K, 99% used [0x00000000eab00000,0x00000000f97a6248,0x00000000f9800000)
  from space 17920K, 97% used [0x00000000fb300000,0x00000000fc4112f0,0x00000000fc480000)
  to   space 21504K, 0% used [0x00000000f9a80000,0x00000000f9a80000,0x00000000faf80000)
 ParOldGen       total 138752K, used 44890K [0x00000000c0000000, 0x00000000c8780000, 0x00000000eab00000)
  object space 138752K, 32% used [0x00000000c0000000,0x00000000c2bd6838,0x00000000c8780000)
 Metaspace       used 75532K, capacity 79268K, committed 79360K, reserved 1118208K
  class space    used 9991K, capacity 10707K, committed 10752K, reserved 1048576K
Event: 221.500 GC heap after
Heap after GC invocations=20 (full 3):
 PSYoungGen      total 266752K, used 21485K [0x00000000eab00000, 0x00000000ff400000, 0x0000000100000000)
  eden space 245248K, 0% used [0x00000000eab00000,0x00000000eab00000,0x00000000f9a80000)
  from space 21504K, 99% used [0x00000000f9a80000,0x00000000faf7b708,0x00000000faf80000)
  to   space 29696K, 0% used [0x00000000fd700000,0x00000000fd700000,0x00000000ff400000)
 ParOldGen       total 138752K, used 59326K [0x00000000c0000000, 0x00000000c8780000, 0x00000000eab00000)
  object space 138752K, 42% used [0x00000000c0000000,0x00000000c39ef920,0x00000000c8780000)
 Metaspace       used 75532K, capacity 79268K, committed 79360K, reserved 1118208K
  class space    used 9991K, capacity 10707K, committed 10752K, reserved 1048576K
}
Event: 676.198 GC heap before
{Heap before GC invocations=21 (full 3):
 PSYoungGen      total 266752K, used 266733K [0x00000000eab00000, 0x00000000ff400000, 0x0000000100000000)
  eden space 245248K, 100% used [0x00000000eab00000,0x00000000f9a80000,0x00000000f9a80000)
  from space 21504K, 99% used [0x00000000f9a80000,0x00000000faf7b708,0x00000000faf80000)
  to   space 29696K, 0% used [0x00000000fd700000,0x00000000fd700000,0x00000000ff400000)
 ParOldGen       total 138752K, used 59326K [0x00000000c0000000, 0x00000000c8780000, 0x00000000eab00000)
  object space 138752K, 42% used [0x00000000c0000000,0x00000000c39ef920,0x00000000c8780000)
 Metaspace       used 76984K, capacity 81022K, committed 81152K, reserved 1120256K
  class space    used 10143K, capacity 10892K, committed 11008K, reserved 1048576K
Event: 676.228 GC heap after
Heap after GC invocations=21 (full 3):
 PSYoungGen      total 247296K, used 11225K [0x00000000eab00000, 0x00000000fe200000, 0x0000000100000000)
  eden space 236032K, 0% used [0x00000000eab00000,0x00000000eab00000,0x00000000f9180000)
  from space 11264K, 99% used [0x00000000fd700000,0x00000000fe1f66a0,0x00000000fe200000)
  to   space 28160K, 0% used [0x00000000fab00000,0x00000000fab00000,0x00000000fc680000)
 ParOldGen       total 138752K, used 67507K [0x00000000c0000000, 0x00000000c8780000, 0x00000000eab00000)
  object space 138752K, 48% used [0x00000000c0000000,0x00000000c41eceb0,0x00000000c8780000)
 Metaspace       used 76984K, capacity 81022K, committed 81152K, reserved 1120256K
  class space    used 10143K, capacity 10892K, committed 11008K, reserved 1048576K
}
Event: 1008.344 GC heap before
{Heap before GC invocations=22 (full 3):
 PSYoungGen      total 247296K, used 247257K [0x00000000eab00000, 0x00000000fe200000, 0x0000000100000000)
  eden space 236032K, 100% used [0x00000000eab00000,0x00000000f9180000,0x00000000f9180000)
  from space 11264K, 99% used [0x00000000fd700000,0x00000000fe1f66a0,0x00000000fe200000)
  to   space 28160K, 0% used [0x00000000fab00000,0x00000000fab00000,0x00000000fc680000)
 ParOldGen       total 138752K, used 67507K [0x00000000c0000000, 0x00000000c8780000, 0x00000000eab00000)
  object space 138752K, 48% used [0x00000000c0000000,0x00000000c41eceb0,0x00000000c8780000)
 Metaspace       used 77658K, capacity 81982K, committed 82176K, reserved 1120256K
  class space    used 10199K, capacity 10982K, committed 11008K, reserved 1048576K
Event: 1008.362 GC heap after
Heap after GC invocations=22 (full 3):
 PSYoungGen      total 241152K, used 13810K [0x00000000eab00000, 0x00000000fd780000, 0x0000000100000000)
  eden space 227328K, 0% used [0x00000000eab00000,0x00000000eab00000,0x00000000f8900000)
  from space 13824K, 99% used [0x00000000fab00000,0x00000000fb87c8d8,0x00000000fb880000)
  to   space 27136K, 0% used [0x00000000fbd00000,0x00000000fbd00000,0x00000000fd780000)
 ParOldGen       total 138752K, used 67523K [0x00000000c0000000, 0x00000000c8780000, 0x00000000eab00000)
  object space 138752K, 48% used [0x00000000c0000000,0x00000000c41f0eb0,0x00000000c8780000)
 Metaspace       used 77658K, capacity 81982K, committed 82176K, reserved 1120256K
  class space    used 10199K, capacity 10982K, committed 11008K, reserved 1048576K
}
Event: 1615.308 GC heap before
{Heap before GC invocations=23 (full 3):
 PSYoungGen      total 241152K, used 241138K [0x00000000eab00000, 0x00000000fd780000, 0x0000000100000000)
  eden space 227328K, 100% used [0x00000000eab00000,0x00000000f8900000,0x00000000f8900000)
  from space 13824K, 99% used [0x00000000fab00000,0x00000000fb87c8d8,0x00000000fb880000)
  to   space 27136K, 0% used [0x00000000fbd00000,0x00000000fbd00000,0x00000000fd780000)
 ParOldGen       total 138752K, used 67523K [0x00000000c0000000, 0x00000000c8780000, 0x00000000eab00000)
  object space 138752K, 48% used [0x00000000c0000000,0x00000000c41f0eb0,0x00000000c8780000)
 Metaspace       used 78006K, capacity 82476K, committed 82688K, reserved 1120256K
  class space    used 10215K, capacity 11003K, committed 11008K, reserved 1048576K
Event: 1615.326 GC heap after
Heap after GC invocations=23 (full 3):
 PSYoungGen      total 233984K, used 14834K [0x00000000eab00000, 0x00000000fcb80000, 0x0000000100000000)
  eden space 219136K, 0% used [0x00000000eab00000,0x00000000eab00000,0x00000000f8100000)
  from space 14848K, 99% used [0x00000000fbd00000,0x00000000fcb7c978,0x00000000fcb80000)
  to   space 26624K, 0% used [0x00000000f9780000,0x00000000f9780000,0x00000000fb180000)
 ParOldGen       total 138752K, used 67531K [0x00000000c0000000, 0x00000000c8780000, 0x00000000eab00000)
  object space 138752K, 48% used [0x00000000c0000000,0x00000000c41f2eb0,0x00000000c8780000)
 Metaspace       used 78006K, capacity 82476K, committed 82688K, reserved 1120256K
  class space    used 10215K, capacity 11003K, committed 11008K, reserved 1048576K
}
Event: 1886.036 GC heap before
{Heap before GC invocations=24 (full 3):
 PSYoungGen      total 233984K, used 233970K [0x00000000eab00000, 0x00000000fcb80000, 0x0000000100000000)
  eden space 219136K, 100% used [0x00000000eab00000,0x00000000f8100000,0x00000000f8100000)
  from space 14848K, 99% used [0x00000000fbd00000,0x00000000fcb7c978,0x00000000fcb80000)
  to   space 26624K, 0% used [0x00000000f9780000,0x00000000f9780000,0x00000000fb180000)
 ParOldGen       total 138752K, used 67531K [0x00000000c0000000, 0x00000000c8780000, 0x00000000eab00000)
  object space 138752K, 48% used [0x00000000c0000000,0x00000000c41f2eb0,0x00000000c8780000)
 Metaspace       used 78520K, capacity 83480K, committed 83584K, reserved 1122304K
  class space    used 10282K, capacity 11105K, committed 11136K, reserved 1048576K
Event: 1886.054 GC heap after
Heap after GC invocations=24 (full 3):
 PSYoungGen      total 227840K, used 15890K [0x00000000eab00000, 0x00000000fbd80000, 0x0000000100000000)
  eden space 211456K, 0% used [0x00000000eab00000,0x00000000eab00000,0x00000000f7980000)
  from space 16384K, 96% used [0x00000000f9780000,0x00000000fa704920,0x00000000fa780000)
  to   space 22528K, 0% used [0x00000000fa780000,0x00000000fa780000,0x00000000fbd80000)
 ParOldGen       total 138752K, used 67539K [0x00000000c0000000, 0x00000000c8780000, 0x00000000eab00000)
  object space 138752K, 48% used [0x00000000c0000000,0x00000000c41f4eb0,0x00000000c8780000)
 Metaspace       used 78520K, capacity 83480K, committed 83584K, reserved 1122304K
  class space    used 10282K, capacity 11105K, committed 11136K, reserved 1048576K
}

